Release 10.1 - xst K.31 (nt)
Copyright (c) 1995-2008 Xilinx, Inc.  All rights reserved.
--> Parameter TMPDIR set to C:/Documents and Settings/user/Desktop/johnson/xst/projnav.tmp


Total REAL time to Xst completion: 0.00 secs
Total CPU time to Xst completion: 0.09 secs
 
--> Parameter xsthdpdir set to C:/Documents and Settings/user/Desktop/johnson/xst


Total REAL time to Xst completion: 0.00 secs
Total CPU time to Xst completion: 0.09 secs
 
--> Reading design: Johnson_counter.prj

TABLE OF CONTENTS
  1) Synthesis Options Summary
  2) HDL Compilation
  3) Design Hierarchy Analysis
  4) HDL Analysis
  5) HDL Synthesis
     5.1) HDL Synthesis Report
  6) Advanced HDL Synthesis
     6.1) Advanced HDL Synthesis Report
  7) Low Level Synthesis
  8) Partition Report
  9) Final Report

=========================================================================
*                      Synthesis Options Summary                        *
=========================================================================
---- Source Parameters
Input File Name                    : "Johnson_counter.prj"
Input Format                       : mixed
Ignore Synthesis Constraint File   : NO

---- Target Parameters
Output File Name                   : "Johnson_counter"
Output Format                      : NGC
Target Device                      : XC9500 CPLDs

---- Source Options
Top Module Name                    : Johnson_counter
Automatic FSM Extraction           : YES
FSM Encoding Algorithm             : Auto
Safe Implementation                : No
Mux Extraction                     : YES
Resource Sharing                   : YES

---- Target Options
Add IO Buffers                     : YES
MACRO Preserve                     : YES
XOR Preserve                       : YES
Equivalent register Removal        : YES

---- General Options
Optimization Goal                  : Speed
Optimization Effort                : 1
Library Search Order               : Johnson_counter.lso
Keep Hierarchy                     : YES
Netlist Hierarchy                  : as_optimized
RTL Output                         : Yes
Hierarchy Separator                : /
Bus Delimiter                      : <>
Case Specifier                     : maintain
Verilog 2001                       : YES

---- Other Options
wysiwyg                            : NO

=========================================================================


=========================================================================
*                          HDL Compilation                              *
=========================================================================
Compiling vhdl file "C:/Documents and Settings/user/Desktop/johnson/johnsoncounter.vhd" in Library work.
Entity <Johnson_counter> compiled.
Entity <Johnson_counter> (Architecture <Behavioral>) compiled.

=========================================================================
*                     Design Hierarchy Analysis                         *
=========================================================================
Analyzing hierarchy for entity <Johnson_counter> in library <work> (architecture <Behavioral>).


=========================================================================
*                            HDL Analysis                               *
=========================================================================
Analyzing Entity <Johnson_counter> in library <work> (Architecture <Behavioral>).
Entity <Johnson_counter> analyzed. Unit <Johnson_counter> generated.


=========================================================================
*                           HDL Synthesis                               *
=========================================================================

Performing bidirectional port resolution...

Synthesizing Unit <Johnson_counter>.
    Related source file is "C:/Documents and Settings/user/Desktop/johnson/johnsoncounter.vhd".
    Found 4-bit register for signal <temp>.
    Summary:
	inferred   4 D-type flip-flop(s).
Unit <Johnson_counter> synthesized.


=========================================================================
HDL Synthesis Report

Macro Statistics
# Registers                                            : 4
 1-bit register                                        : 4

=========================================================================

=========================================================================
*                       Advanced HDL Synthesis                          *
=========================================================================


=========================================================================
Advanced HDL Synthesis Report

Macro Statistics
# Registers                                            : 4
 Flip-Flops                                            : 4

=========================================================================

=========================================================================
*                         Low Level Synthesis                           *
=========================================================================

Optimizing unit <Johnson_counter> ...
  implementation constraint: INIT=r	 : temp_0
  implementation constraint: INIT=r	 : temp_1
  implementation constraint: INIT=r	 : temp_2
  implementation constraint: INIT=r	 : temp_3

=========================================================================
*                           Partition Report                             *
=========================================================================

Partition Implementation Status
-------------------------------

  No Partitions were found in this design.

-------------------------------

=========================================================================
*                            Final Report                               *
=========================================================================
Final Results
RTL Top Level Output File Name     : Johnson_counter.ngr
Top Level Output File Name         : Johnson_counter
Output Format                      : NGC
Optimization Goal                  : Speed
Keep Hierarchy                     : YES
Target Technology                  : XC9500 CPLDs
Macro Preserve                     : YES
XOR Preserve                       : YES
wysiwyg                            : NO

Design Statistics
# IOs                              : 6

Cell Usage :
# BELS                             : 1
#      INV                         : 1
# FlipFlops/Latches                : 4
#      FDC                         : 4
# IO Buffers                       : 6
#      IBUF                        : 2
#      OBUF                        : 4
=========================================================================


Total REAL time to Xst completion: 2.00 secs
Total CPU time to Xst completion: 1.69 secs
 
--> 

Total memory usage is 126440 kilobytes

Number of errors   :    0 (   0 filtered)
Number of warnings :    0 (   0 filtered)
Number of infos    :    0 (   0 filtered)

